<?xml version="1.0" encoding="UTF-8"?>
<testng-results ignored="0" total="2" passed="2" failed="0" skipped="0">
  <reporter-output>
  </reporter-output>
  <suite started-at="2025-03-22T14:37:44 IST" name="Default suite" finished-at="2025-03-22T14:37:45 IST" duration-ms="685">
    <groups>
    </groups>
    <test started-at="2025-03-22T14:37:44 IST" name="Default test" finished-at="2025-03-22T14:37:45 IST" duration-ms="685">
      <class name="genericUtilities.JDBCConnection">
        <test-method signature="executeProgram()[pri:0, instance:genericUtilities.JDBCConnection@351d00c0]" started-at="2025-03-22T14:37:44 IST" name="executeProgram" finished-at="2025-03-22T14:37:45 IST" duration-ms="604" status="PASS">
          <reporter-output>
          </reporter-output>
        </test-method> <!-- executeProgram -->
        <test-method signature="executeUpdateSample()[pri:0, instance:genericUtilities.JDBCConnection@351d00c0]" started-at="2025-03-22T14:37:45 IST" name="executeUpdateSample" finished-at="2025-03-22T14:37:45 IST" duration-ms="17" status="PASS">
          <reporter-output>
          </reporter-output>
        </test-method> <!-- executeUpdateSample -->
      </class> <!-- genericUtilities.JDBCConnection -->
    </test> <!-- Default test -->
  </suite> <!-- Default suite -->
</testng-results>
